[31merror[39m: [31m[Error] - Status: 500 - Message: Cannot convert undefined or null to object[39m
[31merror[39m: [31m[Error] - Status: 500 - Message: Cannot convert undefined or null to object[39m
[31merror[39m: [31m[Error] - Status: 500 - Message: Cannot convert undefined or null to object[39m
[31merror[39m: [31m[Error] - Status: 500 - Message: Cannot convert undefined or null to object[39m
[31merror[39m: [31m[Error] - Status: 400 - Message: first_name should not be empty[39m
[31merror[39m: [31m[Error] - Status: 400 - Message: first_name should not be empty[39m
[31merror[39m: [31m[Error] - Status: 400 - Message: Credential is not valid[39m
[31merror[39m: [31m[Error] - Status: 400 - Message: Credential is not valid[39m
[31merror[39m: [31m[Error] - Status: 400 - Message: Credential is not valid[39m
[31merror[39m: [31m[Error] - Status: 409 - Message: Your email kiettran@lecle.co.kr already exists.[39m
[31merror[39m: [31m[Error] - Status: 409 - Message: Your email kiettran@lecle.co.kr already exists.[39m
[31merror[39m: [31m[Error] - Status: 409 - Message: Your email kiettran@lecle.co.kr already exists.[39m
[31merror[39m: [31m[Error] - Status: 409 - Message: Your email kiettran@lecle.co.kr already exists.[39m
[31merror[39m: [31m[Error] - Status: 409 - Message: Your email kiettran@lecle.co.kr already exists.[39m
[31merror[39m: [31m[Error] - Status: 409 - Message: Your email kiettran@lecle.co.kr already exists.[39m
[31merror[39m: [31m[Error] - Status: 409 - Message: Your email kiaettran@lecle.co.kr already exists.[39m
[31merror[39m: [31m[Error] - Status: 409 - Message: Your email kiaettran@lecle.co.kr already exists.[39m
[31merror[39m: [31m[Error] - Status: 409 - Message: Your email kiaettran@lecle.co.kr already exists.[39m
[31merror[39m: [31m[Error] - Status: 409 - Message: Your email kiaettran@lecle.co.kr already exists.[39m
[31merror[39m: [31m[Error] - Status: 409 - Message: Your email kiettran@lecle.co.kr already exists.[39m
[31merror[39m: [31m[Error] - Status: 409 - Message: Your email kiettran@lecle.co.kr already exists.[39m
[31merror[39m: [31m[Error] - Status: 409 - Message: Your email kiettran@lecle.co.kr already exists.[39m
[31merror[39m: [31m[Error] - Status: 409 - Message: Your email kiettran@lecle.co.kr already exists.[39m
[31merror[39m: [31m[Error] - Status: 409 - Message: Your email kiettran@lecle.co.kr already exists.[39m
[31merror[39m: [31m[Error] - Status: 409 - Message: Your email kiettran@lecle.co.kr already exists.[39m
[31merror[39m: [31m[Error] - Status: 409 - Message: Your email kiettran@lecle.co.kr already exists.[39m
[31merror[39m: [31m[Error] - Status: 409 - Message: Your email trankiet@lecle.co.kr already exists.[39m
[31merror[39m: [31m[Error] - Status: 409 - Message: Your email kiettran@lecle.co.kr already exists.[39m
[31merror[39m: [31m[Error] - Status: 409 - Message: Your email kiettran@lecle.co.kr already exists.[39m
[31merror[39m: [31m[Error] - Status: 409 - Message: Your email kiettran@lecle.co.kr already exists.[39m
[31merror[39m: [31m[Error] - Status: 500 - Message: Cast to ObjectId failed for value "{ userId: '' }" (type Object) at path "_id" for model "user"[39m
[31merror[39m: [31m[Error] - Status: 500 - Message: Cast to ObjectId failed for value "{ userId: '' }" (type Object) at path "_id" for model "user"[39m
[31merror[39m: [31m[Error] - Status: 500 - Message: Cast to ObjectId failed for value "{ userId: '6423f0e0b48825a652cbb859' }" (type Object) at path "_id" for model "user"[39m
[31merror[39m: [31m[Error] - Status: 500 - Message: Cast to ObjectId failed for value "{ userId: '6423f0e0b48825a652cbb859' }" (type Object) at path "_id" for model "user"[39m
[31merror[39m: [31m[Error] - Status: 500 - Message: Cast to ObjectId failed for value "{ userId: '6423f0e0b48825a652cbb859' }" (type Object) at path "_id" for model "user"[39m
[31merror[39m: [31m[Error] - Status: 500 - Message: Cast to ObjectId failed for value "{ userId: '' }" (type Object) at path "_id" for model "user"[39m
[31merror[39m: [31m[Error] - Status: 500 - Message: Cast to ObjectId failed for value "{ userId: '' }" (type Object) at path "_id" for model "user"[39m
[31merror[39m: [31m[Error] - Status: 500 - Message: Cast to ObjectId failed for value "{ userId: '' }" (type Object) at path "_id" for model "user"[39m
[31merror[39m: [31m[Error] - Status: 500 - Message: Cast to ObjectId failed for value "{ userId: '6423f0e0b48825a652cbb859' }" (type Object) at path "_id" for model "user"[39m
[31merror[39m: [31m[Error] - Status: 400 - Message: You must using the different email[39m
[31merror[39m: [31m[Error] - Status: 400 - Message: You must using the different email[39m
[31merror[39m: [31m[Error] - Status: 400 - Message: You must using the different email[39m
[31merror[39m: [31m[Error] - Status: 400 - Message: You must using the different email[39m
[31merror[39m: [31m[Error] - Status: 400 - Message: You must using the different email[39m
[31merror[39m: [31m[Error] - Status: 400 - Message: You must using the different email[39m
[31merror[39m: [31m[Error] - Status: 400 - Message: You must using the different email[39m
[31merror[39m: [31m[Error] - Status: 500 - Message: Cast to ObjectId failed for value "{ _id: '1' }" (type Object) at path "_id" for model "user"[39m
[31merror[39m: [31m[Error] - Status: 500 - Message: BSON field 'skip' value must be >= 0, actual value '-9'[39m
[31merror[39m: [31m[Error] - Status: 500 - Message: Query was already executed: user.estimatedDocumentCount()[39m
[31merror[39m: [31m[Error] - Status: 500 - Message: Query was already executed: user.estimatedDocumentCount()[39m
[31merror[39m: [31m[Error] - Status: 500 - Message: Query was already executed: user.estimatedDocumentCount()[39m
[31merror[39m: [31m[Error] - Status: 500 - Message: Query was already executed: user.estimatedDocumentCount()[39m
[31merror[39m: [31m[Error] - Status: 500 - Message: Query was already executed: user.estimatedDocumentCount()[39m
[31merror[39m: [31m[Error] - Status: 500 - Message: BSON field 'skip' value must be >= 0, actual value '-2'[39m
[31merror[39m: [31m[Error] - Status: 500 - Message: Query was already executed: user.estimatedDocumentCount()[39m
[31merror[39m: [31m[Error] - Status: 500 - Message: Query was already executed: user.countDocuments({})[39m
[31merror[39m: [31m[Error] - Status: 500 - Message: Query was already executed: user.countDocuments({})[39m
[31merror[39m: [31m[Error] - Status: 500 - Message: Query was already executed: user.countDocuments({})[39m
[31merror[39m: [31m[Error] - Status: 500 - Message: Query was already executed: user.countDocuments({})[39m
[31merror[39m: [31m[Error] - Status: 500 - Message: Query was already executed: user.find({})[39m
[31merror[39m: [31m[Error] - Status: 500 - Message: Query was already executed: user.find({})[39m
[31merror[39m: [31m[Error] - Status: 500 - Message: Query was already executed: user.countDocuments({})[39m
[31merror[39m: [31m[Error] - Status: 500 - Message: Query was already executed: user.countDocuments({})[39m
[31merror[39m: [31m[Error] - Status: 500 - Message: Query was already executed: user.countDocuments({})[39m
[31merror[39m: [31m[Error] - Status: 500 - Message: Query was already executed: user.countDocuments({})[39m
[31merror[39m: [31m[Error] - Status: 500 - Message: Query was already executed: user.countDocuments({})[39m
[31merror[39m: [31m[Error] - Status: 500 - Message: Query was already executed: user.countDocuments({})[39m
[31merror[39m: [31m[Error] - Status: 500 - Message: Query was already executed: user.countDocuments({})[39m
[31merror[39m: [31m[Error] - Status: 500 - Message: Query was already executed: user.countDocuments({})[39m
[31merror[39m: [31m[Error] - Status: 500 - Message: Query was already executed: user.countDocuments({})[39m
[31merror[39m: [31m[Error] - Status: 500 - Message: Query was already executed: user.countDocuments({})[39m
[31merror[39m: [31m[Error] - Status: 500 - Message: Query was already executed: user.countDocuments({})[39m
[31merror[39m: [31m[Error] - Status: 500 - Message: Query was already executed: user.countDocuments({})[39m
[31merror[39m: [31m[Error] - Status: 500 - Message: Query was already executed: user.countDocuments({})[39m
[31merror[39m: [31m[Error] - Status: 500 - Message: Query was already executed: user.countDocuments({})[39m
[31merror[39m: [31m[Error] - Status: 500 - Message: Query was already executed: user.countDocuments({})[39m
[31merror[39m: [31m[Error] - Status: 500 - Message: Query was already executed: user.countDocuments({})[39m
[31merror[39m: [31m[Error] - Status: 500 - Message: Query was already executed: user.countDocuments({})[39m
